User tried to access: asd
User tried to access: favicon.ico
User tried to access: favicon.ico
User tried to access: favicon.ico
User tried to access: favicon.ico
User tried to access: favicon.ico
User tried to access: favicon.ico
User tried to access: favicon.ico
User tried to access: favicon.ico
User tried to access: favicon.ico
User tried to add already existing product in cart
User tried to add already existing product in cart
User tried to add already existing product in cart
User tried to add already existing product in cart
User tried to add already existing product in cart
User tried to add already existing product in cart
User tried to add already existing product in cart
User tried to add already existing product in cart
User tried to add already existing product in cart
User tried to add already existing product in cart
User tried to access: asd
User tried to access: favicon.ico
User tried to access: asd
User tried to access: favicon.ico
User tried to access: asd
User tried to access: favicon.ico
User tried to access: asd
User tried to access: favicon.ico
User tried to add already existing product in cart
User tried to add already existing product in cart
User tried to add already existing product in cart
User tried to add already existing product in cart
User tried to add already existing product in cart
User tried to access: asd
User tried to add already existing product in cart
User tried to access: asd
User tried to add already existing product in cart
User tried to add already existing product in cart
User tried to access: hom
User tried to add already existing product in cart
User tried to access: hom
User tried to access: favicon.ico
User tried to access: favicon.ico
User tried to access: favicon.ico
User tried to access: favicon.ico
User tried to access: favicon.ico
User tried to access: favicon.ico
User tried to access: favicon.ico
User tried to access: favicon.ico
User tried to access: favicon.ico
User tried to access: favicon.ico
User tried to access: favicon.ico
User tried to access: favicon.ico
User tried to access: favicon.ico
User tried to access: favicon.ico
User tried to access: favicon.ico
User tried to access: favicon.ico
User tried to access: favicon.ico
User tried to access: favicon.ico
User tried to access: favicon.ico
User tried to access: favicon.ico
User tried to access: favicon.ico
User tried to access: favicon.ico
User tried to access: favicon.ico
User tried to access: favicon.ico
User tried to access: favicon.ico
User tried to access: favicon.ico
User tried to access: favicon.ico
User tried to access: favicon.ico
User tried to access: favicon.ico
User tried to access: favicon.ico
User tried to access: favicon.ico
User tried to access: favicon.ico
User tried to access: favicon.ico
User tried to access: favicon.ico
User tried to access: favicon.ico
User tried to access: favicon.ico
User tried to access: favicon.ico
User tried to access: favicon.ico
User tried to access: favicon.ico
User tried to access: favicon.ico
User tried to access: favicon.ico
User tried to access: favicon.ico
User tried to access: favicon.ico
User tried to access: favicon.ico
User tried to access: favicon.ico
User tried to access: favicon.ico
User tried to access: favicon.ico
User tried to access: favicon.ico
User tried to access: favicon.ico
User tried to access: favicon.ico
User tried to access: favicon.ico
User tried to access: favicon.ico
User tried to access: favicon.ico
User tried to access: favicon.ico
User tried to access: favicon.ico
User tried to access: favicon.ico
User tried to access: favicon.ico
User tried to access: favicon.ico
User tried to access: favicon.ico
User tried to access: favicon.ico
User tried to access: favicon.ico
User tried to access: favicon.ico
User tried to access: favicon.ico
User tried to access: favicon.ico
User tried to access: favicon.ico
User tried to access: favicon.ico
User tried to access: favicon.ico
User tried to access: favicon.ico
User tried to access: favicon.ico
User tried to access: favicon.ico
User tried to add already existing product in cart
User tried to access: favicon.ico
User tried to access: favicon.ico
User tried to access: favicon.ico
User tried to access: favicon.ico
User tried to access: favicon.ico
User tried to access: favicon.ico
User tried to access: favicon.ico
User tried to access: favicon.ico
User tried to access: favicon.ico
User tried to access: asd
User tried to access: asd asd asd
User tried to add already existing product in cart
User tried to add already existing product in cart
User tried to access: favicon.ico
User tried to access: favicon.ico
User tried to access: category/create
User tried to access: favicon.ico
User tried to add already existing product in cart
User tried to add already existing product in cart
User tried to add already existing product in cart
User tried to add already existing product in cart
User tried to add already existing product in cart
User tried to add already existing product in cart
User tried to add already existing product in cart
User tried to add already existing product in cart
User tried to add already existing product in cart
User tried to add already existing product in cart
User tried to add already existing product in cart
User tried to add already existing product in cart
User tried to add already existing product in cart
User tried to add already existing product in cart
User tried to add already existing product in cart
User tried to add already existing product in cart
User tried to add already existing product in cart
User tried to add already existing product in cart
User tried to add already existing product in cart
User tried to add already existing product in cart
User tried to add already existing product in cart
User tried to access: favicon.ico
User tried to access: favicon.ico
User tried to access: favicon.ico
User tried to access: favicon.ico
User tried to access: favicon.ico
User tried to access: favicon.ico
User tried to add already existing product in cart
User tried to add already existing product in cart
User tried to add already existing product in cart
User tried to add already existing product in cart
User tried to add already existing product in cart
User tried to add already existing product in cart
User tried to add already existing product in cart
User tried to access: products/products/import
User tried to access: favicon.ico
User tried to access: order
User tried to access: favicon.ico
User tried to access: favicon.ico
User tried to access: favicon.ico
User tried to access: favicon.ico
User tried to access: favicon.ico
User tried to access: favicon.ico
User tried to access: favicon.ico
User tried to access: favicon.ico
User tried to access: orders/48}/download
User tried to access: orders/48/download
User tried to access: orders/48/download
User tried to access: favicon.ico
User tried to access: public/img/logo.ico
User tried to access: favicon.ico
User tried to access: favicon.ico
User tried to access: favicon.ico

User tried to access: favicon.ico

User tried to access: favicon.ico
User tried to access: favicon.ico

User tried to access: favicon.ico
User tried to add already existing product in cart
User tried to add already existing product in cart
User tried to add already existing product in cart
User tried to add already existing product in cart
User tried to add already existing product in cart
User tried to add already existing product in cart
User tried to add already existing product in cart
User tried to add already existing product in cart
User tried to access: favicon.ico
User tried to access: favicon.ico

User tried to access: favicon.ico




User tried to access: users
User tried to access: favicon.ico
User tried to access: favicon.ico
User tried to access: favicon.ico
User tried to access: favicon.ico
User tried to access: favicon.ico
User tried to access: favicon.ico
User tried to access: favicon.ico
User tried to access: favicon.ico
User tried to access: favicon.ico
User tried to access: favicon.ico
User tried to access: favicon.ico
User tried to access: favicon.ico
User tried to add already existing product in cart




User tried to access: cart


User tried to access: cart
User tried to add already existing product in cart
User tried to add already existing product in cart
User tried to add already existing product in cart
User tried to add already existing product in cart
User tried to add already existing product in cart
User tried to access: payment/response
User tried to access: publicUser tried to access: publicUser tried to access: publicUser tried to access: publicCall to a member function fetch_assoc() on boolCall to a member function execute() on boolFailed to authenticate on SMTP server with username "oarephptraining@gmail.com" using 3 possible authenticators. Authenticator LOGIN returned Expected response code 235 but got code "534", with message "534-5.7.14 <https://accounts.google.com/signin/continue?sarp=1&scc=1&plt=AKgnsbt
534-5.7.14 gA0bskun-mlK6MQkL4_k_uXvJmz2DOJ78rBMpNX4uwjE-zqZkgHtUkifGLk067r8vIluh
534-5.7.14 vKhIp-Edea2duIL5mT1W7Q7iR5Wo75rPqf3lbGCsMCXL2hIRR6mgrkZgglldhg-Z>
534-5.7.14 Please log in via your web browser and then try again.
534-5.7.14  Learn more at
534 5.7.14  https://support.google.com/mail/answer/78754 d16sm70080713wrg.27 - gsmtp
". Authenticator PLAIN returned Expected response code 235 but got code "534", with message "534-5.7.14 <https://accounts.google.com/signin/continue?sarp=1&scc=1&plt=AKgnsbu
534-5.7.14 c5wKJoYFFCNDhd3q4VYN_TLtghkgpU6Pb3pE36R2v_yalkD80a0xP_v25A9Q6XwsPHzm0
534-5.7.14 WHv_rwm4HO1UlVsgEDDqDiqb2nrKaAwt1tKvM__Ea7LkKRQZhkQ0jAmBl6JcjIXE>
534-5.7.14 Please log in via your web browser and then try again.
534-5.7.14  Learn more at
534 5.7.14  https://support.google.com/mail/answer/78754 d16sm70080713wrg.27 - gsmtp
". Authenticator XOAUTH2 returned Expected response code 250 but got code "535", with message "535-5.7.8 Username and Password not accepted. Learn more at
535 5.7.8  https://support.google.com/mail/?p=BadCredentials d16sm70080713wrg.27 - gsmtp
".User tried to access: succUser tried to access: succUser tried to access: noFundsCall to a member function execute() on boolCall to a member function execute() on boolUser tried to access: favicon.icoCall to a member function execute() on boolUser tried to access: favicon.icoCall to a member function execute() on boolUser tried to access: favicon.icoCall to a member function execute() on boolUser tried to access: favicon.icoAddress in mailbox given [Array] does not comply with RFC 2822, 3.6.2.User tried to access: favicon.icoCall to a member function execute() on boolCall to a member function execute() on boolAddress in mailbox given [Array] does not comply with RFC 2822, 3.6.2.User tried to access: favicon.icoUser tried to access: favicon.icoView [.] not found.User tried to access: favicon.icoUser tried to access: favicon.icoAddress in mailbox given [] does not comply with RFC 2822, 3.6.2.Address in mailbox given [] does not comply with RFC 2822, 3.6.2.User tried to access: favicon.icoAddress in mailbox given [] does not comply with RFC 2822, 3.6.2.User tried to access: favicon.icoAddress in mailbox given [] does not comply with RFC 2822, 3.6.2.User tried to access: favicon.icoAddress in mailbox given [] does not comply with RFC 2822, 3.6.2.User tried to access: favicon.ico